DEBUG:passlib.registry:registered 'bcrypt' handler: <class 'passlib.handlers.bcrypt.bcrypt'>
DEBUG:passlib.registry:registered 'des_crypt' handler: <class 'passlib.handlers.des_crypt.des_crypt'>
DEBUG:passlib.registry:registered 'pbkdf2_sha256' handler: <class 'passlib.handlers.pbkdf2.pbkdf2_sha256'>
DEBUG:passlib.registry:registered 'pbkdf2_sha512' handler: <class 'passlib.handlers.pbkdf2.pbkdf2_sha512'>
DEBUG:passlib.registry:registered 'sha256_crypt' handler: <class 'passlib.handlers.sha2_crypt.sha256_crypt'>
DEBUG:passlib.registry:registered 'sha512_crypt' handler: <class 'passlib.handlers.sha2_crypt.sha512_crypt'>
DEBUG:passlib.registry:registered 'plaintext' handler: <class 'passlib.handlers.misc.plaintext'>
DEBUG:passlib.registry:registered 'hex_md5' handler: <class 'passlib.handlers.digests.hex_md5'>
INFO:root:Incio de la aplicacion [2021-04-10 13:42:52.440281]
INFO:werkzeug:127.0.0.1 - - [10/Apr/2021 13:43:06] "[37mGET / HTTP/1.1[0m" 200 -
DEBUG:root: Fecha y Hora: 2021-04-10 13:43:09.244034 - Usuario: admin@example.com y Contraseña: password correctos, inicio se sesion exitoso 
INFO:werkzeug:127.0.0.1 - - [10/Apr/2021 13:43:09] "[32mPOST /security/login HTTP/1.1[0m" 302 -
INFO:werkzeug:127.0.0.1 - - [10/Apr/2021 13:43:10] "[37mGET /profile HTTP/1.1[0m" 200 -
ERROR:root:<class 'werkzeug.exceptions.NotFound'>
 Tipo de error: 404 Not Found: The requested URL was not found on the server. If you entered the URL manually please check your spelling and try again.[2021-04-10 13:43:12.389693]
INFO:werkzeug:127.0.0.1 - - [10/Apr/2021 13:43:12] "[37mGET /pages/typography.html HTTP/1.1[0m" 200 -
ERROR:root:<class 'werkzeug.exceptions.NotFound'>
 Tipo de error: 404 Not Found: The requested URL was not found on the server. If you entered the URL manually please check your spelling and try again.[2021-04-10 13:43:13.076772]
INFO:werkzeug:127.0.0.1 - - [10/Apr/2021 13:43:13] "[37mGET /pages/favicon.ico HTTP/1.1[0m" 200 -
ERROR:root:<class 'werkzeug.exceptions.NotFound'>
 Tipo de error: 404 Not Found: The requested URL was not found on the server. If you entered the URL manually please check your spelling and try again.[2021-04-10 13:43:18.469934]
INFO:werkzeug:127.0.0.1 - - [10/Apr/2021 13:43:18] "[37mGET /pages/typography.html HTTP/1.1[0m" 200 -
ERROR:root:<class 'werkzeug.exceptions.NotFound'>
 Tipo de error: 404 Not Found: The requested URL was not found on the server. If you entered the URL manually please check your spelling and try again.[2021-04-10 13:43:19.160874]
INFO:werkzeug:127.0.0.1 - - [10/Apr/2021 13:43:19] "[37mGET /pages/favicon.ico HTTP/1.1[0m" 200 -
DEBUG:passlib.registry:registered 'bcrypt' handler: <class 'passlib.handlers.bcrypt.bcrypt'>
DEBUG:passlib.registry:registered 'des_crypt' handler: <class 'passlib.handlers.des_crypt.des_crypt'>
DEBUG:passlib.registry:registered 'pbkdf2_sha256' handler: <class 'passlib.handlers.pbkdf2.pbkdf2_sha256'>
DEBUG:passlib.registry:registered 'pbkdf2_sha512' handler: <class 'passlib.handlers.pbkdf2.pbkdf2_sha512'>
DEBUG:passlib.registry:registered 'sha256_crypt' handler: <class 'passlib.handlers.sha2_crypt.sha256_crypt'>
DEBUG:passlib.registry:registered 'sha512_crypt' handler: <class 'passlib.handlers.sha2_crypt.sha512_crypt'>
DEBUG:passlib.registry:registered 'plaintext' handler: <class 'passlib.handlers.misc.plaintext'>
DEBUG:passlib.registry:registered 'hex_md5' handler: <class 'passlib.handlers.digests.hex_md5'>
INFO:root:Incio de la aplicacion [2021-04-10 13:56:51.208107]
DEBUG:passlib.registry:registered 'bcrypt' handler: <class 'passlib.handlers.bcrypt.bcrypt'>
DEBUG:passlib.registry:registered 'des_crypt' handler: <class 'passlib.handlers.des_crypt.des_crypt'>
DEBUG:passlib.registry:registered 'pbkdf2_sha256' handler: <class 'passlib.handlers.pbkdf2.pbkdf2_sha256'>
DEBUG:passlib.registry:registered 'pbkdf2_sha512' handler: <class 'passlib.handlers.pbkdf2.pbkdf2_sha512'>
DEBUG:passlib.registry:registered 'sha256_crypt' handler: <class 'passlib.handlers.sha2_crypt.sha256_crypt'>
DEBUG:passlib.registry:registered 'sha512_crypt' handler: <class 'passlib.handlers.sha2_crypt.sha512_crypt'>
DEBUG:passlib.registry:registered 'plaintext' handler: <class 'passlib.handlers.misc.plaintext'>
DEBUG:passlib.registry:registered 'hex_md5' handler: <class 'passlib.handlers.digests.hex_md5'>
INFO:root:Incio de la aplicacion [2021-04-10 13:56:52.698305]
INFO:werkzeug: * Detected change in 'C:\\Users\\Oscar\\Desktop\\proyecto_muebles\\flask_muebles_mysql\\project\\personaRutas.py', reloading
INFO:werkzeug: * Restarting with stat
DEBUG:passlib.registry:registered 'bcrypt' handler: <class 'passlib.handlers.bcrypt.bcrypt'>
DEBUG:passlib.registry:registered 'des_crypt' handler: <class 'passlib.handlers.des_crypt.des_crypt'>
DEBUG:passlib.registry:registered 'pbkdf2_sha256' handler: <class 'passlib.handlers.pbkdf2.pbkdf2_sha256'>
DEBUG:passlib.registry:registered 'pbkdf2_sha512' handler: <class 'passlib.handlers.pbkdf2.pbkdf2_sha512'>
DEBUG:passlib.registry:registered 'sha256_crypt' handler: <class 'passlib.handlers.sha2_crypt.sha256_crypt'>
DEBUG:passlib.registry:registered 'sha512_crypt' handler: <class 'passlib.handlers.sha2_crypt.sha512_crypt'>
DEBUG:passlib.registry:registered 'plaintext' handler: <class 'passlib.handlers.misc.plaintext'>
DEBUG:passlib.registry:registered 'hex_md5' handler: <class 'passlib.handlers.digests.hex_md5'>
INFO:root:Incio de la aplicacion [2021-04-10 13:57:11.712496]
INFO:werkzeug: * Detected change in 'C:\\Users\\Oscar\\Desktop\\proyecto_muebles\\flask_muebles_mysql\\project\\personaRutas.py', reloading
INFO:werkzeug: * Restarting with stat
DEBUG:passlib.registry:registered 'bcrypt' handler: <class 'passlib.handlers.bcrypt.bcrypt'>
DEBUG:passlib.registry:registered 'des_crypt' handler: <class 'passlib.handlers.des_crypt.des_crypt'>
DEBUG:passlib.registry:registered 'pbkdf2_sha256' handler: <class 'passlib.handlers.pbkdf2.pbkdf2_sha256'>
DEBUG:passlib.registry:registered 'pbkdf2_sha512' handler: <class 'passlib.handlers.pbkdf2.pbkdf2_sha512'>
DEBUG:passlib.registry:registered 'sha256_crypt' handler: <class 'passlib.handlers.sha2_crypt.sha256_crypt'>
DEBUG:passlib.registry:registered 'sha512_crypt' handler: <class 'passlib.handlers.sha2_crypt.sha512_crypt'>
DEBUG:passlib.registry:registered 'plaintext' handler: <class 'passlib.handlers.misc.plaintext'>
DEBUG:passlib.registry:registered 'hex_md5' handler: <class 'passlib.handlers.digests.hex_md5'>
INFO:root:Incio de la aplicacion [2021-04-10 13:57:39.747744]
INFO:werkzeug:127.0.0.1 - - [10/Apr/2021 13:57:42] "[37mGET / HTTP/1.1[0m" 200 -
DEBUG:root: Fecha y Hora: 2021-04-10 13:57:46.951510 - Usuario: admin@example.com y Contraseña: password correctos, inicio se sesion exitoso 
INFO:werkzeug:127.0.0.1 - - [10/Apr/2021 13:57:46] "[32mPOST /security/login HTTP/1.1[0m" 302 -
INFO:werkzeug:127.0.0.1 - - [10/Apr/2021 13:57:48] "[37mGET /profile HTTP/1.1[0m" 200 -
ERROR:root:<class 'jinja2.exceptions.TemplateNotFound'>
 Tipo de error: [2021-04-10 13:57:59.245495]
INFO:werkzeug:127.0.0.1 - - [10/Apr/2021 13:57:59] "[37mGET /getAllPersonasActivas HTTP/1.1[0m" 200 -
ERROR:root:<class 'jinja2.exceptions.TemplateNotFound'>
 Tipo de error: [2021-04-10 13:58:09.343508]
INFO:werkzeug:127.0.0.1 - - [10/Apr/2021 13:58:09] "[37mGET /getAllPersonasActivas HTTP/1.1[0m" 200 -
INFO:werkzeug: * Detected change in 'C:\\Users\\Oscar\\Desktop\\proyecto_muebles\\flask_muebles_mysql\\project\\personaRutas.py', reloading
INFO:werkzeug: * Restarting with stat
DEBUG:passlib.registry:registered 'bcrypt' handler: <class 'passlib.handlers.bcrypt.bcrypt'>
DEBUG:passlib.registry:registered 'des_crypt' handler: <class 'passlib.handlers.des_crypt.des_crypt'>
DEBUG:passlib.registry:registered 'pbkdf2_sha256' handler: <class 'passlib.handlers.pbkdf2.pbkdf2_sha256'>
DEBUG:passlib.registry:registered 'pbkdf2_sha512' handler: <class 'passlib.handlers.pbkdf2.pbkdf2_sha512'>
DEBUG:passlib.registry:registered 'sha256_crypt' handler: <class 'passlib.handlers.sha2_crypt.sha256_crypt'>
DEBUG:passlib.registry:registered 'sha512_crypt' handler: <class 'passlib.handlers.sha2_crypt.sha512_crypt'>
DEBUG:passlib.registry:registered 'plaintext' handler: <class 'passlib.handlers.misc.plaintext'>
DEBUG:passlib.registry:registered 'hex_md5' handler: <class 'passlib.handlers.digests.hex_md5'>
INFO:root:Incio de la aplicacion [2021-04-10 13:58:23.781354]
INFO:werkzeug:127.0.0.1 - - [10/Apr/2021 13:58:25] "[32mGET /getAllPersonasActivas HTTP/1.1[0m" 302 -
INFO:werkzeug:127.0.0.1 - - [10/Apr/2021 13:58:26] "[37mGET /login?next=%2FgetAllPersonasActivas HTTP/1.1[0m" 200 -
INFO:werkzeug: * Detected change in 'C:\\Users\\Oscar\\Desktop\\proyecto_muebles\\flask_muebles_mysql\\project\\personaRutas.py', reloading
INFO:werkzeug: * Restarting with stat
DEBUG:passlib.registry:registered 'bcrypt' handler: <class 'passlib.handlers.bcrypt.bcrypt'>
DEBUG:passlib.registry:registered 'des_crypt' handler: <class 'passlib.handlers.des_crypt.des_crypt'>
DEBUG:passlib.registry:registered 'pbkdf2_sha256' handler: <class 'passlib.handlers.pbkdf2.pbkdf2_sha256'>
DEBUG:passlib.registry:registered 'pbkdf2_sha512' handler: <class 'passlib.handlers.pbkdf2.pbkdf2_sha512'>
DEBUG:passlib.registry:registered 'sha256_crypt' handler: <class 'passlib.handlers.sha2_crypt.sha256_crypt'>
DEBUG:passlib.registry:registered 'sha512_crypt' handler: <class 'passlib.handlers.sha2_crypt.sha512_crypt'>
DEBUG:passlib.registry:registered 'plaintext' handler: <class 'passlib.handlers.misc.plaintext'>
DEBUG:passlib.registry:registered 'hex_md5' handler: <class 'passlib.handlers.digests.hex_md5'>
INFO:root:Incio de la aplicacion [2021-04-10 13:58:57.558587]
ERROR:root:<class 'TypeError'>
 Tipo de error: Object of type persona is not JSON serializable[2021-04-10 13:59:11.904426]
INFO:werkzeug:127.0.0.1 - - [10/Apr/2021 13:59:11] "[37mGET /getAllPersonasActivas HTTP/1.1[0m" 200 -
INFO:werkzeug: * Detected change in 'C:\\Users\\Oscar\\Desktop\\proyecto_muebles\\flask_muebles_mysql\\project\\personaRutas.py', reloading
INFO:werkzeug: * Restarting with stat
DEBUG:passlib.registry:registered 'bcrypt' handler: <class 'passlib.handlers.bcrypt.bcrypt'>
DEBUG:passlib.registry:registered 'des_crypt' handler: <class 'passlib.handlers.des_crypt.des_crypt'>
DEBUG:passlib.registry:registered 'pbkdf2_sha256' handler: <class 'passlib.handlers.pbkdf2.pbkdf2_sha256'>
DEBUG:passlib.registry:registered 'pbkdf2_sha512' handler: <class 'passlib.handlers.pbkdf2.pbkdf2_sha512'>
DEBUG:passlib.registry:registered 'sha256_crypt' handler: <class 'passlib.handlers.sha2_crypt.sha256_crypt'>
DEBUG:passlib.registry:registered 'sha512_crypt' handler: <class 'passlib.handlers.sha2_crypt.sha512_crypt'>
DEBUG:passlib.registry:registered 'plaintext' handler: <class 'passlib.handlers.misc.plaintext'>
DEBUG:passlib.registry:registered 'hex_md5' handler: <class 'passlib.handlers.digests.hex_md5'>
INFO:root:Incio de la aplicacion [2021-04-10 14:00:19.222946]
ERROR:root:<class 'TypeError'>
 Tipo de error: dump() missing 1 required positional argument: 'obj'[2021-04-10 14:00:21.171792]
INFO:werkzeug:127.0.0.1 - - [10/Apr/2021 14:00:21] "[37mGET /getAllPersonasActivas HTTP/1.1[0m" 200 -
INFO:werkzeug: * Detected change in 'C:\\Users\\Oscar\\Desktop\\proyecto_muebles\\flask_muebles_mysql\\project\\personaRutas.py', reloading
INFO:werkzeug: * Restarting with stat
DEBUG:passlib.registry:registered 'bcrypt' handler: <class 'passlib.handlers.bcrypt.bcrypt'>
DEBUG:passlib.registry:registered 'des_crypt' handler: <class 'passlib.handlers.des_crypt.des_crypt'>
DEBUG:passlib.registry:registered 'pbkdf2_sha256' handler: <class 'passlib.handlers.pbkdf2.pbkdf2_sha256'>
DEBUG:passlib.registry:registered 'pbkdf2_sha512' handler: <class 'passlib.handlers.pbkdf2.pbkdf2_sha512'>
DEBUG:passlib.registry:registered 'sha256_crypt' handler: <class 'passlib.handlers.sha2_crypt.sha256_crypt'>
DEBUG:passlib.registry:registered 'sha512_crypt' handler: <class 'passlib.handlers.sha2_crypt.sha512_crypt'>
DEBUG:passlib.registry:registered 'plaintext' handler: <class 'passlib.handlers.misc.plaintext'>
DEBUG:passlib.registry:registered 'hex_md5' handler: <class 'passlib.handlers.digests.hex_md5'>
INFO:root:Incio de la aplicacion [2021-04-10 14:01:06.195007]
INFO:werkzeug:127.0.0.1 - - [10/Apr/2021 14:01:08] "[37mGET /getAllPersonasActivas HTTP/1.1[0m" 200 -
INFO:werkzeug: * Detected change in 'C:\\Users\\Oscar\\Desktop\\proyecto_muebles\\flask_muebles_mysql\\project\\personaRutas.py', reloading
INFO:werkzeug: * Restarting with stat
DEBUG:passlib.registry:registered 'bcrypt' handler: <class 'passlib.handlers.bcrypt.bcrypt'>
DEBUG:passlib.registry:registered 'des_crypt' handler: <class 'passlib.handlers.des_crypt.des_crypt'>
DEBUG:passlib.registry:registered 'pbkdf2_sha256' handler: <class 'passlib.handlers.pbkdf2.pbkdf2_sha256'>
DEBUG:passlib.registry:registered 'pbkdf2_sha512' handler: <class 'passlib.handlers.pbkdf2.pbkdf2_sha512'>
DEBUG:passlib.registry:registered 'sha256_crypt' handler: <class 'passlib.handlers.sha2_crypt.sha256_crypt'>
DEBUG:passlib.registry:registered 'sha512_crypt' handler: <class 'passlib.handlers.sha2_crypt.sha512_crypt'>
DEBUG:passlib.registry:registered 'plaintext' handler: <class 'passlib.handlers.misc.plaintext'>
DEBUG:passlib.registry:registered 'hex_md5' handler: <class 'passlib.handlers.digests.hex_md5'>
INFO:root:Incio de la aplicacion [2021-04-10 14:03:02.580553]
INFO:werkzeug: * Detected change in 'C:\\Users\\Oscar\\Desktop\\proyecto_muebles\\flask_muebles_mysql\\project\\personaRutas.py', reloading
INFO:werkzeug: * Restarting with stat
DEBUG:passlib.registry:registered 'bcrypt' handler: <class 'passlib.handlers.bcrypt.bcrypt'>
DEBUG:passlib.registry:registered 'des_crypt' handler: <class 'passlib.handlers.des_crypt.des_crypt'>
DEBUG:passlib.registry:registered 'pbkdf2_sha256' handler: <class 'passlib.handlers.pbkdf2.pbkdf2_sha256'>
DEBUG:passlib.registry:registered 'pbkdf2_sha512' handler: <class 'passlib.handlers.pbkdf2.pbkdf2_sha512'>
DEBUG:passlib.registry:registered 'sha256_crypt' handler: <class 'passlib.handlers.sha2_crypt.sha256_crypt'>
DEBUG:passlib.registry:registered 'sha512_crypt' handler: <class 'passlib.handlers.sha2_crypt.sha512_crypt'>
DEBUG:passlib.registry:registered 'plaintext' handler: <class 'passlib.handlers.misc.plaintext'>
DEBUG:passlib.registry:registered 'hex_md5' handler: <class 'passlib.handlers.digests.hex_md5'>
INFO:root:Incio de la aplicacion [2021-04-10 14:03:48.233071]
ERROR:root:<class 'TypeError'>
 Tipo de error: 'persona' object does not support item assignment[2021-04-10 14:04:05.124484]
INFO:werkzeug:127.0.0.1 - - [10/Apr/2021 14:04:05] "[37mGET /getAllPersonasActivas HTTP/1.1[0m" 200 -
INFO:werkzeug: * Detected change in 'C:\\Users\\Oscar\\Desktop\\proyecto_muebles\\flask_muebles_mysql\\project\\personaRutas.py', reloading
INFO:werkzeug: * Restarting with stat
DEBUG:passlib.registry:registered 'bcrypt' handler: <class 'passlib.handlers.bcrypt.bcrypt'>
DEBUG:passlib.registry:registered 'des_crypt' handler: <class 'passlib.handlers.des_crypt.des_crypt'>
DEBUG:passlib.registry:registered 'pbkdf2_sha256' handler: <class 'passlib.handlers.pbkdf2.pbkdf2_sha256'>
DEBUG:passlib.registry:registered 'pbkdf2_sha512' handler: <class 'passlib.handlers.pbkdf2.pbkdf2_sha512'>
DEBUG:passlib.registry:registered 'sha256_crypt' handler: <class 'passlib.handlers.sha2_crypt.sha256_crypt'>
DEBUG:passlib.registry:registered 'sha512_crypt' handler: <class 'passlib.handlers.sha2_crypt.sha512_crypt'>
DEBUG:passlib.registry:registered 'plaintext' handler: <class 'passlib.handlers.misc.plaintext'>
DEBUG:passlib.registry:registered 'hex_md5' handler: <class 'passlib.handlers.digests.hex_md5'>
INFO:root:Incio de la aplicacion [2021-04-10 14:04:24.940895]
INFO:werkzeug:127.0.0.1 - - [10/Apr/2021 14:04:27] "[37mGET /getAllPersonasActivas HTTP/1.1[0m" 200 -
INFO:werkzeug: * Detected change in 'C:\\Users\\Oscar\\Desktop\\proyecto_muebles\\flask_muebles_mysql\\project\\personaRutas.py', reloading
INFO:werkzeug: * Restarting with stat
DEBUG:passlib.registry:registered 'bcrypt' handler: <class 'passlib.handlers.bcrypt.bcrypt'>
DEBUG:passlib.registry:registered 'des_crypt' handler: <class 'passlib.handlers.des_crypt.des_crypt'>
DEBUG:passlib.registry:registered 'pbkdf2_sha256' handler: <class 'passlib.handlers.pbkdf2.pbkdf2_sha256'>
DEBUG:passlib.registry:registered 'pbkdf2_sha512' handler: <class 'passlib.handlers.pbkdf2.pbkdf2_sha512'>
DEBUG:passlib.registry:registered 'sha256_crypt' handler: <class 'passlib.handlers.sha2_crypt.sha256_crypt'>
DEBUG:passlib.registry:registered 'sha512_crypt' handler: <class 'passlib.handlers.sha2_crypt.sha512_crypt'>
DEBUG:passlib.registry:registered 'plaintext' handler: <class 'passlib.handlers.misc.plaintext'>
DEBUG:passlib.registry:registered 'hex_md5' handler: <class 'passlib.handlers.digests.hex_md5'>
INFO:root:Incio de la aplicacion [2021-04-10 14:07:27.095226]
INFO:werkzeug:127.0.0.1 - - [10/Apr/2021 14:07:31] "[37mGET /getAllPersonasActivas HTTP/1.1[0m" 200 -
DEBUG:passlib.registry:registered 'bcrypt' handler: <class 'passlib.handlers.bcrypt.bcrypt'>
DEBUG:passlib.registry:registered 'des_crypt' handler: <class 'passlib.handlers.des_crypt.des_crypt'>
DEBUG:passlib.registry:registered 'pbkdf2_sha256' handler: <class 'passlib.handlers.pbkdf2.pbkdf2_sha256'>
DEBUG:passlib.registry:registered 'pbkdf2_sha512' handler: <class 'passlib.handlers.pbkdf2.pbkdf2_sha512'>
DEBUG:passlib.registry:registered 'sha256_crypt' handler: <class 'passlib.handlers.sha2_crypt.sha256_crypt'>
DEBUG:passlib.registry:registered 'sha512_crypt' handler: <class 'passlib.handlers.sha2_crypt.sha512_crypt'>
DEBUG:passlib.registry:registered 'plaintext' handler: <class 'passlib.handlers.misc.plaintext'>
DEBUG:passlib.registry:registered 'hex_md5' handler: <class 'passlib.handlers.digests.hex_md5'>
INFO:root:Incio de la aplicacion [2021-04-10 14:37:43.026075]
DEBUG:passlib.registry:registered 'bcrypt' handler: <class 'passlib.handlers.bcrypt.bcrypt'>
DEBUG:passlib.registry:registered 'des_crypt' handler: <class 'passlib.handlers.des_crypt.des_crypt'>
DEBUG:passlib.registry:registered 'pbkdf2_sha256' handler: <class 'passlib.handlers.pbkdf2.pbkdf2_sha256'>
DEBUG:passlib.registry:registered 'pbkdf2_sha512' handler: <class 'passlib.handlers.pbkdf2.pbkdf2_sha512'>
DEBUG:passlib.registry:registered 'sha256_crypt' handler: <class 'passlib.handlers.sha2_crypt.sha256_crypt'>
DEBUG:passlib.registry:registered 'sha512_crypt' handler: <class 'passlib.handlers.sha2_crypt.sha512_crypt'>
DEBUG:passlib.registry:registered 'plaintext' handler: <class 'passlib.handlers.misc.plaintext'>
DEBUG:passlib.registry:registered 'hex_md5' handler: <class 'passlib.handlers.digests.hex_md5'>
INFO:root:Incio de la aplicacion [2021-04-10 14:37:43.806846]
INFO:werkzeug:127.0.0.1 - - [10/Apr/2021 14:38:04] "[37mGET / HTTP/1.1[0m" 200 -
DEBUG:root: Fecha y Hora: 2021-04-10 14:38:08.264597 - Usuario: admin@example.com y Contraseña: password correctos, inicio se sesion exitoso 
INFO:werkzeug:127.0.0.1 - - [10/Apr/2021 14:38:08] "[32mPOST /security/login HTTP/1.1[0m" 302 -
INFO:werkzeug:127.0.0.1 - - [10/Apr/2021 14:38:09] "[37mGET /profile HTTP/1.1[0m" 200 -
